<?xml version="1.0" encoding="UTF-8"?>
<testsuite xmlns:xsi="http://www.w3.org/2001/XMLSchema-instance" xsi:schemaLocation="https://maven.apache.org/surefire/maven-surefire-plugin/xsd/surefire-test-report.xsd" name="cucumber_options.RunCukeTest" time="54.534" tests="20" errors="0" skipped="1" failures="2">
  <properties>
[...]
</properties>
  <testcase name="Given background text" classname="Scenario: Test1 description" time="0.003"/>
  <testcase name="Then test1" classname="Scenario: Test1 description" time="0"/>
  <testcase name="Scenario: Test1 description" classname="Scenario: Test1 description" time="0.003"/>
  <testcase name="Given background text" classname="Scenario: Test2 description" time="0"/>
  <testcase name="Then test2" classname="Scenario: Test2 description" time="0"/>
  <testcase name="Scenario: Test2 description" classname="Scenario: Test2 description" time="0.003"/>
  <testcase name="Given background text" classname="Scenario: Test3 description" time="0"/>
  <testcase name="Then test3" classname="Scenario: Test3 description" time="0.001"/>
  <testcase name="Scenario: Test3 description" classname="Scenario: Test3 description" time="0.005"/>
  <testcase name="Given background text" classname="Scenario: Test4 description" time="0"/>
  <testcase name="Then test4" classname="Scenario: Test4 description" time="0"/>
  <testcase name="Scenario: Test4 description" classname="Scenario: Test4 description" time="0.007"/>
  <testcase name="Given background text" classname="Scenario: Test5 description" time="0.001"/>
  <testcase name="Then test5" classname="Scenario: Test5 description" time="0"/>
  <testcase name="Scenario: Test5 description" classname="Scenario: Test5 description" time="0.004"/>
  <testcase name="Given user is on application home page" classname="| seleniumhq org |" time="0.001"/>
  <testcase name="When user search for &quot;seleniumhq org&quot;" classname="| seleniumhq org |" time="0"/>
  <testcase name="Then user verify results" classname="| seleniumhq org |" time="0.019">
    <failure message="Search result is not 10" type="java.lang.AssertionError">java.lang.AssertionError: Search result is not 10
</failure>
    <system-out><![CDATA[----------------SRP Title:seleniumhq org - Yahoo India Search Results
----------------Count:8
]]></system-out>
  </testcase>
  <testcase name="| seleniumhq org |" classname="| seleniumhq org |" time="0.019">
    <failure message="Search result is not 10" type="java.lang.AssertionError">java.lang.AssertionError: Search result is not 10
</failure>
  </testcase>
  <testcase name="And user close the application" classname="| seleniumhq org |" time="0">
    <skipped/>
  </testcase>
</testsuite>